2023-09-10 16:53:17.3838|Info|App loaded| 
2023-09-10 16:53:26.3579|Info|Message sent| 
2023-09-10 16:53:28.9477|Info|Message received.| 
2023-09-10 16:56:43.2986|Info|App loaded| 
2023-09-10 17:01:38.0011|Info|Message sent| 
2023-09-10 17:01:44.1684|Info|Message received.| 
2023-09-10 17:02:31.1075|Info|Parity changed from None to Mark| 
2023-09-10 17:02:36.2023|Info|Message sent| 
2023-09-10 17:02:38.5862|Info|Message sent| 
2023-09-10 17:02:40.0484|Info|Message sent| 
2023-09-10 17:02:43.1749|Info|Message sent| 
2023-09-10 17:02:48.5726|Info|Message sent| 
2023-09-10 19:55:36.7555|Info|App loaded| 
2023-09-10 19:55:49.0263|Info|Message sent| 
2023-09-10 19:55:52.4336|Info|Message received.| 
2023-09-10 19:56:09.0224|Info|Parity changed from None to Space| 
2023-09-10 19:56:14.9107|Info|Message sent| 
2023-09-10 19:56:21.1917|Info|Message received.| 
2023-09-10 19:56:24.2525|Info|Message sent| 
2023-09-10 19:56:31.5564|Info|App loaded| 
2023-09-10 19:56:42.7643|Info|Message received.| 
2023-09-10 19:56:44.7215|Info|Message sent| 
2023-09-10 19:56:45.7709|Info|Message sent| 
2023-09-10 19:56:46.2287|Info|Message sent| 
2023-09-10 19:56:46.5640|Info|Message sent| 
2023-09-10 19:56:46.8146|Info|Message sent| 
2023-09-10 19:56:47.1033|Info|Message sent| 
2023-09-10 19:56:47.3253|Info|Message sent| 
2023-09-10 19:56:47.5025|Info|Message sent| 
2023-09-10 19:56:47.6196|Info|Message sent| 
2023-09-10 19:56:47.7447|Info|Message sent| 
2023-09-10 19:56:48.5230|Info|Message sent| 
2023-09-10 19:56:50.9435|Info|Message received.| 
2023-09-10 19:56:51.6678|Info|Message received.| 
2023-09-10 19:56:51.9569|Info|Message received.| 
2023-09-10 19:56:52.1404|Info|Message received.| 
2023-09-10 19:56:52.5357|Info|Message received.| 
2023-09-10 19:56:52.7714|Info|Message received.| 
2023-09-10 19:56:52.9999|Info|Message received.| 
2023-09-10 19:56:53.3577|Info|Message received.| 
2023-09-11 11:24:31.2519|Info|App loaded| 
2023-09-11 11:27:47.6910|Info|Message received.| 
2023-09-11 14:51:23.6856|Info|App loaded| 
2023-09-11 14:51:35.5497|Info|Message sent| 
2023-09-11 14:51:49.6183|Info|Message received.| 
2023-09-11 14:51:52.3154|Info|Message sent| 
2023-09-11 14:51:55.9186|Info|Message received.| 
2023-09-11 14:51:57.9405|Info|Message sent| 
2023-09-11 15:03:15.8485|Info|App loaded| 
2023-09-11 15:03:28.1010|Info|Message sent| 
2023-09-11 15:03:29.9549|Info|Message received.| 
2023-09-11 15:03:31.6628|Info|Message sent| 
2023-09-11 15:03:33.4067|Info|Message received.| 
2023-09-11 15:03:42.0271|Info|Message received.| 
2023-09-11 15:16:10.2107|Info|App loaded| 
2023-09-11 15:16:18.5553|Info|Message received.| 
2023-09-11 15:16:20.4176|Info|Message sent| 
